The system is: Windows - 10.0.18363 - AMD64
Compiling the C compiler identification source file "CMakeCCompilerId.c" succeeded.
Compiler: D:/Program Files (x86)/Microsoft Visual Studio/2019/Community/VC/Tools/MSVC/14.25.28610/bin/HostX64/x64/cl.exe 
Build flags: 
Id flags:  

The output was:
0
用于 x64 的 Microsoft (R) C/C++ 优化编译器 19.25.28614 版
版权所有(C) Microsoft Corporation。保留所有权利。

CMakeCCompilerId.c
Microsoft (R) Incremental Linker Version 14.25.28614.0
Copyright (C) Microsoft Corporation.  All rights reserved.

/out:CMakeCCompilerId.exe 
CMakeCCompilerId.obj 


Compilation of the C compiler identification source "CMakeCCompilerId.c" produced "CMakeCCompilerId.exe"

Compilation of the C compiler identification source "CMakeCCompilerId.c" produced "CMakeCCompilerId.obj"

The C compiler identification is MSVC, found in "C:/Users/Xiakai Pan/Desktop/CS/UCB_CS/CS61C_SP2015/week4_day38..40/hw2_starter_hw1/out/build/x64-Debug/CMakeFiles/3.16.19112601-MSVC_2/CompilerIdC/CMakeCCompilerId.exe"

Determining if the C compiler works passed with the following output:
Change Dir: C:/Users/Xiakai Pan/Desktop/CS/UCB_CS/CS61C_SP2015/week4_day38..40/hw2_starter_hw1/out/build/x64-Debug/CMakeFiles/CMakeTmp

Run Build Command(s):D:/Program Files (x86)/Microsoft Visual Studio/2019/Community/Common7/IDE/CommonExtensions/Microsoft/CMake/Ninja/ninja.exe cmTC_74579 && [1/2] Building C object CMakeFiles\cmTC_74579.dir\testCCompiler.c.obj
[2/2] Linking C executable cmTC_74579.exe



Detecting C compiler ABI info compiled with the following output:
Change Dir: C:/Users/Xiakai Pan/Desktop/CS/UCB_CS/CS61C_SP2015/week4_day38..40/hw2_starter_hw1/out/build/x64-Debug/CMakeFiles/CMakeTmp

Run Build Command(s):D:/Program Files (x86)/Microsoft Visual Studio/2019/Community/Common7/IDE/CommonExtensions/Microsoft/CMake/Ninja/ninja.exe cmTC_b6c92 && [1/2] Building C object CMakeFiles\cmTC_b6c92.dir\CMakeCCompilerABI.c.obj
[2/2] Linking C executable cmTC_b6c92.exe



